{"/home/fernando/repo-provas-backend/src/app.ts": {"path":"/home/fernando/repo-provas-backend/src/app.ts","statementMap":{"0":{"start":{"line":1,"column":0},"end":{"line":1,"column":17}},"1":{"start":{"line":2,"column":0},"end":{"line":2,"column":30}},"2":{"start":{"line":3,"column":0},"end":{"line":3,"column":24}},"3":{"start":{"line":4,"column":0},"end":{"line":4,"column":26}},"4":{"start":{"line":5,"column":0},"end":{"line":5,"column":41}},"5":{"start":{"line":7,"column":0},"end":{"line":7,"column":46}},"6":{"start":{"line":8,"column":0},"end":{"line":8,"column":56}},"7":{"start":{"line":9,"column":0},"end":{"line":9,"column":72}},"8":{"start":{"line":12,"column":1},"end":{"line":12,"column":25}},"9":{"start":{"line":11,"column":0},"end":{"line":11,"column":22}},"10":{"start":{"line":15,"column":12},"end":{"line":15,"column":21}},"11":{"start":{"line":17,"column":0},"end":{"line":17,"column":16}},"12":{"start":{"line":18,"column":0},"end":{"line":18,"column":24}},"13":{"start":{"line":19,"column":0},"end":{"line":19,"column":30}},"14":{"start":{"line":20,"column":0},"end":{"line":20,"column":40}},"15":{"start":{"line":21,"column":0},"end":{"line":21,"column":31}},"16":{"start":{"line":23,"column":0},"end":{"line":23,"column":19}}},"fnMap":{"0":{"name":"init","decl":{"start":{"line":11,"column":22},"end":{"line":11,"column":26}},"loc":{"start":{"line":11,"column":26},"end":{"line":13,"column":null}}}},"branchMap":{},"s":{"0":1,"1":1,"2":1,"3":1,"4":1,"5":1,"6":1,"7":1,"8":1,"9":1,"10":1,"11":1,"12":1,"13":1,"14":1,"15":1,"16":1},"f":{"0":1},"b":{}}
,"/home/fernando/repo-provas-backend/src/database.ts": {"path":"/home/fernando/repo-provas-backend/src/database.ts","statementMap":{"0":{"start":{"line":1,"column":0},"end":{"line":1,"column":47}},"1":{"start":{"line":3,"column":0},"end":{"line":5,"column":null}},"2":{"start":{"line":4,"column":2},"end":{"line":4,"column":49}},"3":{"start":{"line":8,"column":28},"end":{"line":8,"column":56}},"4":{"start":{"line":9,"column":21},"end":{"line":15,"column":4}},"5":{"start":{"line":16,"column":2},"end":{"line":16,"column":29}},"6":{"start":{"line":17,"column":2},"end":{"line":17,"column":20}},"7":{"start":{"line":7,"column":0},"end":{"line":7,"column":30}}},"fnMap":{"0":{"name":"connect","decl":{"start":{"line":7,"column":30},"end":{"line":7,"column":37}},"loc":{"start":{"line":7,"column":37},"end":{"line":18,"column":null}}}},"branchMap":{"0":{"loc":{"start":{"line":3,"column":0},"end":{"line":5,"column":null}},"type":"if","locations":[{"start":{"line":3,"column":0},"end":{"line":5,"column":null}},{"start":{"line":3,"column":0},"end":{"line":5,"column":null}}]},"1":{"loc":{"start":{"line":3,"column":4},"end":{"line":3,"column":41}},"type":"binary-expr","locations":[{"start":{"line":3,"column":4},"end":{"line":3,"column":41}},{"start":{"line":3,"column":45},"end":{"line":3,"column":103}}]},"2":{"loc":{"start":{"line":13,"column":58},"end":{"line":13,"column":64}},"type":"cond-expr","locations":[{"start":{"line":13,"column":58},"end":{"line":13,"column":64}},{"start":{"line":13,"column":67},"end":{"line":13,"column":72}}]}},"s":{"0":1,"1":1,"2":0,"3":1,"4":1,"5":1,"6":1,"7":1},"f":{"0":1},"b":{"0":[0,1],"1":[1,0],"2":[0,1]}}
,"/home/fernando/repo-provas-backend/src/setup.ts": {"path":"/home/fernando/repo-provas-backend/src/setup.ts","statementMap":{"0":{"start":{"line":1,"column":0},"end":{"line":1,"column":28}},"1":{"start":{"line":5,"column":0},"end":{"line":11,"column":null}},"2":{"start":{"line":6,"column":1},"end":{"line":6,"column":18}},"3":{"start":{"line":7,"column":7},"end":{"line":11,"column":null}},"4":{"start":{"line":8,"column":1},"end":{"line":8,"column":23}},"5":{"start":{"line":10,"column":1},"end":{"line":10,"column":22}},"6":{"start":{"line":13,"column":0},"end":{"line":13,"column":33}}},"fnMap":{},"branchMap":{"0":{"loc":{"start":{"line":5,"column":0},"end":{"line":11,"column":null}},"type":"if","locations":[{"start":{"line":5,"column":0},"end":{"line":11,"column":null}},{"start":{"line":5,"column":0},"end":{"line":11,"column":null}}]},"1":{"loc":{"start":{"line":7,"column":7},"end":{"line":11,"column":null}},"type":"if","locations":[{"start":{"line":7,"column":7},"end":{"line":11,"column":null}},{"start":{"line":7,"column":7},"end":{"line":11,"column":null}}]}},"s":{"0":1,"1":1,"2":0,"3":1,"4":1,"5":0,"6":1},"f":{},"b":{"0":[0,1],"1":[1,0]}}
,"/home/fernando/repo-provas-backend/src/controllers/examController.ts": {"path":"/home/fernando/repo-provas-backend/src/controllers/examController.ts","statementMap":{"0":{"start":{"line":2,"column":0},"end":{"line":2,"column":51}},"1":{"start":{"line":3,"column":0},"end":{"line":3,"column":47}},"2":{"start":{"line":4,"column":0},"end":{"line":4,"column":44}},"3":{"start":{"line":6,"column":0},"end":{"line":6,"column":55}},"4":{"start":{"line":7,"column":0},"end":{"line":7,"column":49}},"5":{"start":{"line":10,"column":1},"end":{"line":25,"column":null}},"6":{"start":{"line":11,"column":24},"end":{"line":11,"column":53}},"7":{"start":{"line":12,"column":2},"end":{"line":12,"column":76}},"8":{"start":{"line":12,"column":27},"end":{"line":12,"column":76}},"9":{"start":{"line":14,"column":24},"end":{"line":14,"column":32}},"10":{"start":{"line":16,"column":22},"end":{"line":16,"column":52}},"11":{"start":{"line":18,"column":2},"end":{"line":18,"column":58}},"12":{"start":{"line":20,"column":2},"end":{"line":23,"column":null}},"13":{"start":{"line":22,"column":3},"end":{"line":22,"column":55}},"14":{"start":{"line":24,"column":2},"end":{"line":24,"column":12}},"15":{"start":{"line":9,"column":0},"end":{"line":9,"column":22}},"16":{"start":{"line":33,"column":1},"end":{"line":48,"column":null}},"17":{"start":{"line":34,"column":2},"end":{"line":34,"column":26}},"18":{"start":{"line":35,"column":24},"end":{"line":35,"column":53}},"19":{"start":{"line":36,"column":2},"end":{"line":36,"column":76}},"20":{"start":{"line":36,"column":27},"end":{"line":36,"column":76}},"21":{"start":{"line":38,"column":17},"end":{"line":38,"column":27}},"22":{"start":{"line":40,"column":20},"end":{"line":40,"column":70}},"23":{"start":{"line":41,"column":2},"end":{"line":41,"column":51}},"24":{"start":{"line":43,"column":2},"end":{"line":46,"column":null}},"25":{"start":{"line":45,"column":3},"end":{"line":45,"column":55}},"26":{"start":{"line":47,"column":2},"end":{"line":47,"column":12}},"27":{"start":{"line":28,"column":0},"end":{"line":28,"column":22}}},"fnMap":{"0":{"name":"postExam","decl":{"start":{"line":9,"column":22},"end":{"line":9,"column":30}},"loc":{"start":{"line":9,"column":78},"end":{"line":26,"column":null}}},"1":{"name":"getExamsByProfessorId","decl":{"start":{"line":28,"column":22},"end":{"line":28,"column":43}},"loc":{"start":{"line":31,"column":19},"end":{"line":49,"column":null}}}},"branchMap":{"0":{"loc":{"start":{"line":12,"column":2},"end":{"line":12,"column":76}},"type":"if","locations":[{"start":{"line":12,"column":2},"end":{"line":12,"column":76}},{"start":{"line":12,"column":2},"end":{"line":12,"column":76}}]},"1":{"loc":{"start":{"line":20,"column":2},"end":{"line":23,"column":null}},"type":"if","locations":[{"start":{"line":20,"column":2},"end":{"line":23,"column":null}},{"start":{"line":20,"column":2},"end":{"line":23,"column":null}}]},"2":{"loc":{"start":{"line":36,"column":2},"end":{"line":36,"column":76}},"type":"if","locations":[{"start":{"line":36,"column":2},"end":{"line":36,"column":76}},{"start":{"line":36,"column":2},"end":{"line":36,"column":76}}]},"3":{"loc":{"start":{"line":43,"column":2},"end":{"line":46,"column":null}},"type":"if","locations":[{"start":{"line":43,"column":2},"end":{"line":46,"column":null}},{"start":{"line":43,"column":2},"end":{"line":46,"column":null}}]}},"s":{"0":1,"1":1,"2":1,"3":1,"4":1,"5":4,"6":4,"7":4,"8":3,"9":1,"10":1,"11":1,"12":3,"13":3,"14":0,"15":1,"16":0,"17":0,"18":0,"19":0,"20":0,"21":0,"22":0,"23":0,"24":0,"25":0,"26":0,"27":1},"f":{"0":4,"1":0},"b":{"0":[3,1],"1":[3,0],"2":[0,0],"3":[0,0]}}
,"/home/fernando/repo-provas-backend/src/controllers/professorController.ts": {"path":"/home/fernando/repo-provas-backend/src/controllers/professorController.ts","statementMap":{"0":{"start":{"line":2,"column":0},"end":{"line":2,"column":49}},"1":{"start":{"line":3,"column":0},"end":{"line":3,"column":65}},"2":{"start":{"line":10,"column":1},"end":{"line":15,"column":null}},"3":{"start":{"line":11,"column":16},"end":{"line":11,"column":67}},"4":{"start":{"line":12,"column":2},"end":{"line":12,"column":47}},"5":{"start":{"line":14,"column":2},"end":{"line":14,"column":12}},"6":{"start":{"line":5,"column":0},"end":{"line":5,"column":22}}},"fnMap":{"0":{"name":"getExamsGroupedByProfessor","decl":{"start":{"line":5,"column":22},"end":{"line":5,"column":48}},"loc":{"start":{"line":8,"column":19},"end":{"line":16,"column":null}}}},"branchMap":{},"s":{"0":1,"1":1,"2":0,"3":0,"4":0,"5":0,"6":1},"f":{"0":0},"b":{}}
,"/home/fernando/repo-provas-backend/src/entities/Course.ts": {"path":"/home/fernando/repo-provas-backend/src/entities/Course.ts","statementMap":{"0":{"start":{"line":1,"column":0},"end":{"line":1,"column":76}},"1":{"start":{"line":2,"column":0},"end":{"line":2,"column":30}},"2":{"start":{"line":5,"column":0},"end":{"line":14,"column":null}},"3":{"start":{"line":7,"column":1},"end":{"line":7,"column":null}},"4":{"start":{"line":10,"column":1},"end":{"line":10,"column":null}},"5":{"start":{"line":13,"column":1},"end":{"line":13,"column":null}},"6":{"start":{"line":12,"column":18},"end":{"line":12,"column":22}},"7":{"start":{"line":12,"column":32},"end":{"line":12,"column":43}},"8":{"start":{"line":5,"column":13},"end":{"line":14,"column":null}},"9":{"start":{"line":5,"column":13},"end":{"line":5,"column":19}}},"fnMap":{"0":{"name":"(anonymous_2)","decl":{"start":{"line":12,"column":12},"end":{"line":12,"column":15}},"loc":{"start":{"line":12,"column":18},"end":{"line":12,"column":22}}},"1":{"name":"(anonymous_3)","decl":{"start":{"line":12,"column":24},"end":{"line":12,"column":28}},"loc":{"start":{"line":12,"column":32},"end":{"line":12,"column":43}}}},"branchMap":{},"s":{"0":1,"1":1,"2":1,"3":1,"4":1,"5":1,"6":1,"7":1,"8":1,"9":1},"f":{"0":1,"1":1},"b":{}}
,"/home/fernando/repo-provas-backend/src/entities/Exam.ts": {"path":"/home/fernando/repo-provas-backend/src/entities/Exam.ts","statementMap":{"0":{"start":{"line":1,"column":0},"end":{"line":1,"column":88}},"1":{"start":{"line":2,"column":0},"end":{"line":2,"column":45}},"2":{"start":{"line":3,"column":0},"end":{"line":3,"column":34}},"3":{"start":{"line":4,"column":0},"end":{"line":4,"column":40}},"4":{"start":{"line":7,"column":0},"end":{"line":27,"column":null}},"5":{"start":{"line":9,"column":1},"end":{"line":9,"column":null}},"6":{"start":{"line":12,"column":1},"end":{"line":12,"column":null}},"7":{"start":{"line":15,"column":1},"end":{"line":15,"column":null}},"8":{"start":{"line":18,"column":1},"end":{"line":18,"column":null}},"9":{"start":{"line":22,"column":1},"end":{"line":22,"column":null}},"10":{"start":{"line":20,"column":18},"end":{"line":20,"column":27}},"11":{"start":{"line":20,"column":42},"end":{"line":20,"column":57}},"12":{"start":{"line":26,"column":1},"end":{"line":26,"column":null}},"13":{"start":{"line":24,"column":18},"end":{"line":24,"column":24}},"14":{"start":{"line":24,"column":36},"end":{"line":24,"column":48}},"15":{"start":{"line":7,"column":13},"end":{"line":27,"column":null}},"16":{"start":{"line":7,"column":13},"end":{"line":7,"column":17}}},"fnMap":{"0":{"name":"(anonymous_3)","decl":{"start":{"line":20,"column":12},"end":{"line":20,"column":15}},"loc":{"start":{"line":20,"column":18},"end":{"line":20,"column":27}}},"1":{"name":"(anonymous_4)","decl":{"start":{"line":20,"column":29},"end":{"line":20,"column":38}},"loc":{"start":{"line":20,"column":42},"end":{"line":20,"column":57}}},"2":{"name":"(anonymous_5)","decl":{"start":{"line":24,"column":12},"end":{"line":24,"column":15}},"loc":{"start":{"line":24,"column":18},"end":{"line":24,"column":24}}},"3":{"name":"(anonymous_6)","decl":{"start":{"line":24,"column":26},"end":{"line":24,"column":32}},"loc":{"start":{"line":24,"column":36},"end":{"line":24,"column":48}}}},"branchMap":{},"s":{"0":1,"1":1,"2":1,"3":1,"4":1,"5":1,"6":1,"7":1,"8":1,"9":1,"10":1,"11":1,"12":1,"13":1,"14":1,"15":1,"16":1},"f":{"0":1,"1":1,"2":1,"3":1},"b":{}}
,"/home/fernando/repo-provas-backend/src/entities/Professor.ts": {"path":"/home/fernando/repo-provas-backend/src/entities/Professor.ts","statementMap":{"0":{"start":{"line":1,"column":0},"end":{"line":1,"column":99}},"1":{"start":{"line":2,"column":0},"end":{"line":2,"column":34}},"2":{"start":{"line":3,"column":0},"end":{"line":3,"column":30}},"3":{"start":{"line":6,"column":0},"end":{"line":23,"column":null}},"4":{"start":{"line":8,"column":1},"end":{"line":8,"column":null}},"5":{"start":{"line":11,"column":1},"end":{"line":11,"column":null}},"6":{"start":{"line":19,"column":1},"end":{"line":19,"column":null}},"7":{"start":{"line":13,"column":19},"end":{"line":13,"column":25}},"8":{"start":{"line":13,"column":37},"end":{"line":13,"column":46}},"9":{"start":{"line":22,"column":1},"end":{"line":22,"column":null}},"10":{"start":{"line":21,"column":18},"end":{"line":21,"column":22}},"11":{"start":{"line":21,"column":32},"end":{"line":21,"column":46}},"12":{"start":{"line":6,"column":13},"end":{"line":23,"column":null}},"13":{"start":{"line":6,"column":13},"end":{"line":6,"column":22}}},"fnMap":{"0":{"name":"(anonymous_2)","decl":{"start":{"line":13,"column":13},"end":{"line":13,"column":16}},"loc":{"start":{"line":13,"column":19},"end":{"line":13,"column":25}}},"1":{"name":"(anonymous_3)","decl":{"start":{"line":13,"column":27},"end":{"line":13,"column":33}},"loc":{"start":{"line":13,"column":37},"end":{"line":13,"column":46}}},"2":{"name":"(anonymous_4)","decl":{"start":{"line":21,"column":12},"end":{"line":21,"column":15}},"loc":{"start":{"line":21,"column":18},"end":{"line":21,"column":22}}},"3":{"name":"(anonymous_5)","decl":{"start":{"line":21,"column":24},"end":{"line":21,"column":28}},"loc":{"start":{"line":21,"column":32},"end":{"line":21,"column":46}}}},"branchMap":{},"s":{"0":1,"1":1,"2":1,"3":1,"4":1,"5":1,"6":1,"7":1,"8":1,"9":1,"10":1,"11":1,"12":1,"13":1},"f":{"0":1,"1":1,"2":1,"3":1},"b":{}}
,"/home/fernando/repo-provas-backend/src/enum/Category.enum.ts": {"path":"/home/fernando/repo-provas-backend/src/enum/Category.enum.ts","statementMap":{"0":{"start":{"line":1,"column":0},"end":{"line":1,"column":null}},"1":{"start":{"line":2,"column":1},"end":{"line":2,"column":null}},"2":{"start":{"line":3,"column":1},"end":{"line":3,"column":null}},"3":{"start":{"line":4,"column":1},"end":{"line":4,"column":null}},"4":{"start":{"line":5,"column":1},"end":{"line":5,"column":null}},"5":{"start":{"line":6,"column":1},"end":{"line":6,"column":null}},"6":{"start":{"line":9,"column":0},"end":{"line":9,"column":24}}},"fnMap":{"0":{"name":"(anonymous_0)","decl":{"start":{"line":1,"column":0},"end":{"line":1,"column":5}},"loc":{"start":{"line":1,"column":13},"end":{"line":7,"column":1}}}},"branchMap":{"0":{"loc":{"start":{"line":1,"column":5},"end":{"line":1,"column":13}},"type":"binary-expr","locations":[{"start":{"line":1,"column":5},"end":{"line":1,"column":13}},{"start":{"line":1,"column":5},"end":{"line":1,"column":null}}]}},"s":{"0":1,"1":1,"2":1,"3":1,"4":1,"5":1,"6":1},"f":{"0":1},"b":{"0":[1,1]}}
,"/home/fernando/repo-provas-backend/src/enum/HttpStatus.enum.ts": {"path":"/home/fernando/repo-provas-backend/src/enum/HttpStatus.enum.ts","statementMap":{"0":{"start":{"line":1,"column":0},"end":{"line":1,"column":null}},"1":{"start":{"line":2,"column":1},"end":{"line":2,"column":null}},"2":{"start":{"line":3,"column":1},"end":{"line":3,"column":null}},"3":{"start":{"line":4,"column":1},"end":{"line":4,"column":null}},"4":{"start":{"line":5,"column":1},"end":{"line":5,"column":null}},"5":{"start":{"line":6,"column":1},"end":{"line":6,"column":null}},"6":{"start":{"line":7,"column":1},"end":{"line":7,"column":null}},"7":{"start":{"line":8,"column":1},"end":{"line":8,"column":null}},"8":{"start":{"line":11,"column":0},"end":{"line":11,"column":26}}},"fnMap":{"0":{"name":"(anonymous_0)","decl":{"start":{"line":1,"column":0},"end":{"line":1,"column":5}},"loc":{"start":{"line":1,"column":15},"end":{"line":9,"column":1}}}},"branchMap":{"0":{"loc":{"start":{"line":1,"column":5},"end":{"line":1,"column":15}},"type":"binary-expr","locations":[{"start":{"line":1,"column":5},"end":{"line":1,"column":15}},{"start":{"line":1,"column":5},"end":{"line":1,"column":null}}]}},"s":{"0":1,"1":1,"2":1,"3":1,"4":1,"5":1,"6":1,"7":1,"8":1},"f":{"0":1},"b":{"0":[1,1]}}
,"/home/fernando/repo-provas-backend/src/errors/ExamError.ts": {"path":"/home/fernando/repo-provas-backend/src/errors/ExamError.ts","statementMap":{"0":{"start":{"line":1,"column":0},"end":{"line":1,"column":49}},"1":{"start":{"line":7,"column":2},"end":{"line":7,"column":11}},"2":{"start":{"line":8,"column":2},"end":{"line":8,"column":51}},"3":{"start":{"line":9,"column":2},"end":{"line":9,"column":26}},"4":{"start":{"line":10,"column":2},"end":{"line":10,"column":77}},"5":{"start":{"line":14,"column":0},"end":{"line":14,"column":25}}},"fnMap":{"0":{"name":"(anonymous_1)","decl":{"start":{"line":6,"column":1},"end":{"line":6,"column":13}},"loc":{"start":{"line":6,"column":43},"end":{"line":11,"column":2}}}},"branchMap":{"0":{"loc":{"start":{"line":10,"column":20},"end":{"line":10,"column":69}},"type":"binary-expr","locations":[{"start":{"line":10,"column":20},"end":{"line":10,"column":69}},{"start":{"line":10,"column":73},"end":{"line":10,"column":76}}]}},"s":{"0":1,"1":3,"2":3,"3":3,"4":3,"5":1},"f":{"0":3},"b":{"0":[3,3]}}
,"/home/fernando/repo-provas-backend/src/middlewares/serverErrorMiddleware.ts": {"path":"/home/fernando/repo-provas-backend/src/middlewares/serverErrorMiddleware.ts","statementMap":{"0":{"start":{"line":3,"column":0},"end":{"line":3,"column":49}},"1":{"start":{"line":11,"column":1},"end":{"line":11,"column":42}},"2":{"start":{"line":13,"column":1},"end":{"line":13,"column":57}},"3":{"start":{"line":5,"column":0},"end":{"line":5,"column":30}}},"fnMap":{"0":{"name":"serverErrorMiddleware","decl":{"start":{"line":5,"column":30},"end":{"line":5,"column":51}},"loc":{"start":{"line":9,"column":19},"end":{"line":14,"column":null}}}},"branchMap":{},"s":{"0":1,"1":0,"2":0,"3":1},"f":{"0":0},"b":{}}
,"/home/fernando/repo-provas-backend/src/routers/examRouter.ts": {"path":"/home/fernando/repo-provas-backend/src/routers/examRouter.ts","statementMap":{"0":{"start":{"line":1,"column":0},"end":{"line":1,"column":33}},"1":{"start":{"line":2,"column":0},"end":{"line":2,"column":64}},"2":{"start":{"line":4,"column":15},"end":{"line":4,"column":23}},"3":{"start":{"line":6,"column":0},"end":{"line":6,"column":48}},"4":{"start":{"line":9,"column":0},"end":{"line":9,"column":22}}},"fnMap":{},"branchMap":{},"s":{"0":1,"1":1,"2":1,"3":1,"4":1},"f":{},"b":{}}
,"/home/fernando/repo-provas-backend/src/routers/professorRouter.ts": {"path":"/home/fernando/repo-provas-backend/src/routers/professorRouter.ts","statementMap":{"0":{"start":{"line":1,"column":0},"end":{"line":1,"column":33}},"1":{"start":{"line":2,"column":0},"end":{"line":2,"column":74}},"2":{"start":{"line":4,"column":15},"end":{"line":4,"column":23}},"3":{"start":{"line":6,"column":0},"end":{"line":6,"column":63}},"4":{"start":{"line":8,"column":0},"end":{"line":8,"column":22}}},"fnMap":{},"branchMap":{},"s":{"0":1,"1":1,"2":1,"3":1,"4":1},"f":{},"b":{}}
,"/home/fernando/repo-provas-backend/src/services/courseService.ts": {"path":"/home/fernando/repo-provas-backend/src/services/courseService.ts","statementMap":{"0":{"start":{"line":1,"column":0},"end":{"line":1,"column":40}},"1":{"start":{"line":2,"column":0},"end":{"line":2,"column":44}},"2":{"start":{"line":3,"column":0},"end":{"line":3,"column":44}},"3":{"start":{"line":6,"column":1},"end":{"line":6,"column":42}},"4":{"start":{"line":5,"column":0},"end":{"line":5,"column":22}},"5":{"start":{"line":10,"column":15},"end":{"line":10,"column":73}},"6":{"start":{"line":11,"column":1},"end":{"line":13,"column":null}},"7":{"start":{"line":12,"column":2},"end":{"line":12,"column":72}},"8":{"start":{"line":14,"column":1},"end":{"line":14,"column":14}},"9":{"start":{"line":9,"column":0},"end":{"line":9,"column":22}}},"fnMap":{"0":{"name":"findById","decl":{"start":{"line":5,"column":22},"end":{"line":5,"column":30}},"loc":{"start":{"line":5,"column":41},"end":{"line":7,"column":null}}},"1":{"name":"getExamsGroupedByCourse","decl":{"start":{"line":9,"column":22},"end":{"line":9,"column":45}},"loc":{"start":{"line":9,"column":45},"end":{"line":15,"column":null}}}},"branchMap":{"0":{"loc":{"start":{"line":11,"column":1},"end":{"line":13,"column":null}},"type":"if","locations":[{"start":{"line":11,"column":1},"end":{"line":13,"column":null}},{"start":{"line":11,"column":1},"end":{"line":13,"column":null}}]},"1":{"loc":{"start":{"line":11,"column":11},"end":{"line":11,"column":13}},"type":"cond-expr","locations":[{"start":{"line":11,"column":11},"end":{"line":11,"column":13}},{"start":{"line":11,"column":6},"end":{"line":11,"column":19}}]},"2":{"loc":{"start":{"line":11,"column":6},"end":{"line":11,"column":13}},"type":"binary-expr","locations":[{"start":{"line":11,"column":6},"end":{"line":11,"column":13}},{"start":{"line":11,"column":6},"end":{"line":11,"column":13}}]}},"s":{"0":1,"1":1,"2":1,"3":1,"4":1,"5":0,"6":0,"7":0,"8":0,"9":1},"f":{"0":1,"1":0},"b":{"0":[0,0],"1":[0,0],"2":[0,0]}}
,"/home/fernando/repo-provas-backend/src/services/examService.ts": {"path":"/home/fernando/repo-provas-backend/src/services/examService.ts","statementMap":{"0":{"start":{"line":1,"column":0},"end":{"line":1,"column":40}},"1":{"start":{"line":2,"column":0},"end":{"line":2,"column":55}},"2":{"start":{"line":3,"column":0},"end":{"line":3,"column":49}},"3":{"start":{"line":4,"column":0},"end":{"line":4,"column":45}},"4":{"start":{"line":5,"column":0},"end":{"line":5,"column":40}},"5":{"start":{"line":7,"column":0},"end":{"line":7,"column":44}},"6":{"start":{"line":10,"column":24},"end":{"line":10,"column":49}},"7":{"start":{"line":11,"column":1},"end":{"line":11,"column":68}},"8":{"start":{"line":11,"column":22},"end":{"line":11,"column":68}},"9":{"start":{"line":13,"column":19},"end":{"line":13,"column":68}},"10":{"start":{"line":14,"column":1},"end":{"line":15,"column":93}},"11":{"start":{"line":15,"column":2},"end":{"line":15,"column":93}},"12":{"start":{"line":17,"column":16},"end":{"line":17,"column":59}},"13":{"start":{"line":18,"column":1},"end":{"line":18,"column":99}},"14":{"start":{"line":18,"column":14},"end":{"line":18,"column":99}},"15":{"start":{"line":20,"column":34},"end":{"line":20,"column":83}},"16":{"start":{"line":20,"column":64},"end":{"line":20,"column":82}},"17":{"start":{"line":21,"column":1},"end":{"line":23,"column":null}},"18":{"start":{"line":22,"column":2},"end":{"line":22,"column":93}},"19":{"start":{"line":25,"column":37},"end":{"line":25,"column":41}},"20":{"start":{"line":27,"column":17},"end":{"line":27,"column":91}},"21":{"start":{"line":28,"column":1},"end":{"line":28,"column":41}},"22":{"start":{"line":30,"column":1},"end":{"line":30,"column":16}},"23":{"start":{"line":9,"column":0},"end":{"line":9,"column":22}},"24":{"start":{"line":34,"column":19},"end":{"line":34,"column":54}},"25":{"start":{"line":35,"column":1},"end":{"line":35,"column":94}},"26":{"start":{"line":35,"column":17},"end":{"line":35,"column":94}},"27":{"start":{"line":37,"column":15},"end":{"line":37,"column":71}},"28":{"start":{"line":38,"column":1},"end":{"line":38,"column":20}},"29":{"start":{"line":40,"column":1},"end":{"line":42,"column":null}},"30":{"start":{"line":41,"column":2},"end":{"line":41,"column":68}},"31":{"start":{"line":43,"column":1},"end":{"line":43,"column":14}},"32":{"start":{"line":33,"column":0},"end":{"line":33,"column":22}}},"fnMap":{"0":{"name":"create","decl":{"start":{"line":9,"column":22},"end":{"line":9,"column":28}},"loc":{"start":{"line":9,"column":42},"end":{"line":31,"column":null}}},"1":{"name":"(anonymous_16)","decl":{"start":{"line":20,"column":57},"end":{"line":20,"column":58}},"loc":{"start":{"line":20,"column":64},"end":{"line":20,"column":82}}},"2":{"name":"findAllByProfessorId","decl":{"start":{"line":33,"column":22},"end":{"line":33,"column":42}},"loc":{"start":{"line":33,"column":53},"end":{"line":44,"column":null}}}},"branchMap":{"0":{"loc":{"start":{"line":11,"column":1},"end":{"line":11,"column":68}},"type":"if","locations":[{"start":{"line":11,"column":1},"end":{"line":11,"column":68}},{"start":{"line":11,"column":1},"end":{"line":11,"column":68}}]},"1":{"loc":{"start":{"line":14,"column":1},"end":{"line":15,"column":93}},"type":"if","locations":[{"start":{"line":14,"column":1},"end":{"line":15,"column":93}},{"start":{"line":14,"column":1},"end":{"line":15,"column":93}}]},"2":{"loc":{"start":{"line":18,"column":1},"end":{"line":18,"column":99}},"type":"if","locations":[{"start":{"line":18,"column":1},"end":{"line":18,"column":99}},{"start":{"line":18,"column":1},"end":{"line":18,"column":99}}]},"3":{"loc":{"start":{"line":21,"column":1},"end":{"line":23,"column":null}},"type":"if","locations":[{"start":{"line":21,"column":1},"end":{"line":23,"column":null}},{"start":{"line":21,"column":1},"end":{"line":23,"column":null}}]},"4":{"loc":{"start":{"line":35,"column":1},"end":{"line":35,"column":94}},"type":"if","locations":[{"start":{"line":35,"column":1},"end":{"line":35,"column":94}},{"start":{"line":35,"column":1},"end":{"line":35,"column":94}}]},"5":{"loc":{"start":{"line":40,"column":1},"end":{"line":42,"column":null}},"type":"if","locations":[{"start":{"line":40,"column":1},"end":{"line":42,"column":null}},{"start":{"line":40,"column":1},"end":{"line":42,"column":null}}]},"6":{"loc":{"start":{"line":40,"column":11},"end":{"line":40,"column":13}},"type":"cond-expr","locations":[{"start":{"line":40,"column":11},"end":{"line":40,"column":13}},{"start":{"line":40,"column":6},"end":{"line":40,"column":19}}]},"7":{"loc":{"start":{"line":40,"column":6},"end":{"line":40,"column":13}},"type":"binary-expr","locations":[{"start":{"line":40,"column":6},"end":{"line":40,"column":13}},{"start":{"line":40,"column":6},"end":{"line":40,"column":13}}]}},"s":{"0":1,"1":1,"2":1,"3":1,"4":1,"5":1,"6":1,"7":1,"8":0,"9":1,"10":1,"11":0,"12":1,"13":1,"14":0,"15":1,"16":1,"17":1,"18":0,"19":1,"20":1,"21":1,"22":1,"23":1,"24":0,"25":0,"26":0,"27":0,"28":0,"29":0,"30":0,"31":0,"32":1},"f":{"0":1,"1":1,"2":0},"b":{"0":[0,1],"1":[0,1],"2":[0,1],"3":[0,1],"4":[0,0],"5":[0,0],"6":[0,0],"7":[0,0]}}
,"/home/fernando/repo-provas-backend/src/services/professorService.ts": {"path":"/home/fernando/repo-provas-backend/src/services/professorService.ts","statementMap":{"0":{"start":{"line":1,"column":0},"end":{"line":1,"column":40}},"1":{"start":{"line":2,"column":0},"end":{"line":2,"column":50}},"2":{"start":{"line":3,"column":0},"end":{"line":3,"column":44}},"3":{"start":{"line":6,"column":1},"end":{"line":6,"column":45}},"4":{"start":{"line":5,"column":0},"end":{"line":5,"column":22}},"5":{"start":{"line":10,"column":15},"end":{"line":10,"column":76}},"6":{"start":{"line":11,"column":1},"end":{"line":13,"column":null}},"7":{"start":{"line":12,"column":2},"end":{"line":12,"column":72}},"8":{"start":{"line":14,"column":1},"end":{"line":14,"column":14}},"9":{"start":{"line":9,"column":0},"end":{"line":9,"column":22}}},"fnMap":{"0":{"name":"findById","decl":{"start":{"line":5,"column":22},"end":{"line":5,"column":30}},"loc":{"start":{"line":5,"column":41},"end":{"line":7,"column":null}}},"1":{"name":"getExamsGroupedByProfessor","decl":{"start":{"line":9,"column":22},"end":{"line":9,"column":48}},"loc":{"start":{"line":9,"column":48},"end":{"line":15,"column":null}}}},"branchMap":{"0":{"loc":{"start":{"line":11,"column":1},"end":{"line":13,"column":null}},"type":"if","locations":[{"start":{"line":11,"column":1},"end":{"line":13,"column":null}},{"start":{"line":11,"column":1},"end":{"line":13,"column":null}}]},"1":{"loc":{"start":{"line":11,"column":11},"end":{"line":11,"column":13}},"type":"cond-expr","locations":[{"start":{"line":11,"column":11},"end":{"line":11,"column":13}},{"start":{"line":11,"column":6},"end":{"line":11,"column":19}}]},"2":{"loc":{"start":{"line":11,"column":6},"end":{"line":11,"column":13}},"type":"binary-expr","locations":[{"start":{"line":11,"column":6},"end":{"line":11,"column":13}},{"start":{"line":11,"column":6},"end":{"line":11,"column":13}}]}},"s":{"0":1,"1":1,"2":1,"3":1,"4":1,"5":0,"6":0,"7":0,"8":0,"9":1},"f":{"0":1,"1":0},"b":{"0":[0,0],"1":[0,0],"2":[0,0]}}
,"/home/fernando/repo-provas-backend/src/validations/examSchema.ts": {"path":"/home/fernando/repo-provas-backend/src/validations/examSchema.ts","statementMap":{"0":{"start":{"line":1,"column":0},"end":{"line":1,"column":22}},"1":{"start":{"line":3,"column":37},"end":{"line":9,"column":2}},"2":{"start":{"line":11,"column":0},"end":{"line":11,"column":26}}},"fnMap":{},"branchMap":{},"s":{"0":1,"1":1,"2":1},"f":{},"b":{}}
,"/home/fernando/repo-provas-backend/src/validations/idSchema.ts": {"path":"/home/fernando/repo-provas-backend/src/validations/idSchema.ts","statementMap":{"0":{"start":{"line":1,"column":0},"end":{"line":1,"column":22}},"1":{"start":{"line":3,"column":35},"end":{"line":5,"column":2}},"2":{"start":{"line":7,"column":0},"end":{"line":7,"column":24}}},"fnMap":{},"branchMap":{},"s":{"0":1,"1":1,"2":1},"f":{},"b":{}}
,"/home/fernando/repo-provas-backend/tests/factories/courseFactory.ts": {"path":"/home/fernando/repo-provas-backend/tests/factories/courseFactory.ts","statementMap":{"0":{"start":{"line":1,"column":0},"end":{"line":1,"column":40}},"1":{"start":{"line":2,"column":0},"end":{"line":2,"column":26}},"2":{"start":{"line":4,"column":0},"end":{"line":4,"column":51}},"3":{"start":{"line":7,"column":16},"end":{"line":9,"column":3}},"4":{"start":{"line":11,"column":1},"end":{"line":11,"column":42}},"5":{"start":{"line":13,"column":1},"end":{"line":13,"column":15}},"6":{"start":{"line":6,"column":0},"end":{"line":6,"column":22}}},"fnMap":{"0":{"name":"createCourse","decl":{"start":{"line":6,"column":22},"end":{"line":6,"column":34}},"loc":{"start":{"line":6,"column":48},"end":{"line":14,"column":null}}}},"branchMap":{"0":{"loc":{"start":{"line":8,"column":8},"end":{"line":8,"column":12}},"type":"binary-expr","locations":[{"start":{"line":8,"column":8},"end":{"line":8,"column":12}},{"start":{"line":8,"column":16},"end":{"line":8,"column":36}}]}},"s":{"0":1,"1":1,"2":1,"3":4,"4":4,"5":3,"6":1},"f":{"0":4},"b":{"0":[4,4]}}
,"/home/fernando/repo-provas-backend/tests/factories/professorFactory.ts": {"path":"/home/fernando/repo-provas-backend/tests/factories/professorFactory.ts","statementMap":{"0":{"start":{"line":1,"column":0},"end":{"line":1,"column":40}},"1":{"start":{"line":2,"column":0},"end":{"line":2,"column":26}},"2":{"start":{"line":4,"column":0},"end":{"line":4,"column":57}},"3":{"start":{"line":6,"column":0},"end":{"line":6,"column":47}},"4":{"start":{"line":9,"column":19},"end":{"line":12,"column":3}},"5":{"start":{"line":14,"column":1},"end":{"line":14,"column":48}},"6":{"start":{"line":16,"column":1},"end":{"line":16,"column":18}},"7":{"start":{"line":8,"column":0},"end":{"line":8,"column":22}}},"fnMap":{"0":{"name":"createProfessor","decl":{"start":{"line":8,"column":22},"end":{"line":8,"column":37}},"loc":{"start":{"line":8,"column":71},"end":{"line":17,"column":null}}}},"branchMap":{"0":{"loc":{"start":{"line":10,"column":8},"end":{"line":10,"column":12}},"type":"binary-expr","locations":[{"start":{"line":10,"column":8},"end":{"line":10,"column":12}},{"start":{"line":10,"column":16},"end":{"line":10,"column":65}}]},"1":{"loc":{"start":{"line":11,"column":11},"end":{"line":11,"column":18}},"type":"binary-expr","locations":[{"start":{"line":11,"column":11},"end":{"line":11,"column":18}},{"start":{"line":11,"column":22},"end":{"line":11,"column":44}}]}},"s":{"0":1,"1":1,"2":1,"3":1,"4":2,"5":2,"6":2,"7":1},"f":{"0":2},"b":{"0":[2,2],"1":[2,0]}}
,"/home/fernando/repo-provas-backend/tests/utils/database.ts": {"path":"/home/fernando/repo-provas-backend/tests/utils/database.ts","statementMap":{"0":{"start":{"line":1,"column":0},"end":{"line":1,"column":40}},"1":{"start":{"line":3,"column":0},"end":{"line":3,"column":47}},"2":{"start":{"line":4,"column":0},"end":{"line":4,"column":57}},"3":{"start":{"line":5,"column":0},"end":{"line":5,"column":51}},"4":{"start":{"line":8,"column":1},"end":{"line":8,"column":38}},"5":{"start":{"line":9,"column":1},"end":{"line":9,"column":43}},"6":{"start":{"line":10,"column":1},"end":{"line":10,"column":40}},"7":{"start":{"line":7,"column":0},"end":{"line":7,"column":22}}},"fnMap":{"0":{"name":"clearDatabase","decl":{"start":{"line":7,"column":22},"end":{"line":7,"column":35}},"loc":{"start":{"line":7,"column":35},"end":{"line":11,"column":null}}}},"branchMap":{},"s":{"0":1,"1":1,"2":1,"3":1,"4":5,"5":5,"6":5,"7":1},"f":{"0":5},"b":{}}
,"/home/fernando/repo-provas-backend/tests/utils/generateExamBody.ts": {"path":"/home/fernando/repo-provas-backend/tests/utils/generateExamBody.ts","statementMap":{"0":{"start":{"line":1,"column":0},"end":{"line":1,"column":26}},"1":{"start":{"line":2,"column":0},"end":{"line":2,"column":52}},"2":{"start":{"line":4,"column":0},"end":{"line":4,"column":58}},"3":{"start":{"line":5,"column":0},"end":{"line":5,"column":64}},"4":{"start":{"line":8,"column":37},"end":{"line":8,"column":44}},"5":{"start":{"line":9,"column":33},"end":{"line":9,"column":40}},"6":{"start":{"line":11,"column":1},"end":{"line":17,"column":null}},"7":{"start":{"line":12,"column":17},"end":{"line":12,"column":37}},"8":{"start":{"line":14,"column":2},"end":{"line":14,"column":23}},"9":{"start":{"line":16,"column":2},"end":{"line":16,"column":53}},"10":{"start":{"line":19,"column":1},"end":{"line":25,"column":3}},"11":{"start":{"line":7,"column":0},"end":{"line":7,"column":30}}},"fnMap":{"0":{"name":"generateExamBody","decl":{"start":{"line":7,"column":30},"end":{"line":7,"column":46}},"loc":{"start":{"line":7,"column":67},"end":{"line":26,"column":null}}}},"branchMap":{"0":{"loc":{"start":{"line":11,"column":1},"end":{"line":17,"column":null}},"type":"if","locations":[{"start":{"line":11,"column":1},"end":{"line":17,"column":null}},{"start":{"line":11,"column":1},"end":{"line":17,"column":null}}]},"1":{"loc":{"start":{"line":20,"column":8},"end":{"line":20,"column":12}},"type":"binary-expr","locations":[{"start":{"line":20,"column":8},"end":{"line":20,"column":12}},{"start":{"line":20,"column":16},"end":{"line":20,"column":37}}]},"2":{"loc":{"start":{"line":21,"column":11},"end":{"line":21,"column":18}},"type":"binary-expr","locations":[{"start":{"line":21,"column":11},"end":{"line":21,"column":18}},{"start":{"line":21,"column":22},"end":{"line":21,"column":42}}]},"3":{"loc":{"start":{"line":22,"column":12},"end":{"line":22,"column":20}},"type":"binary-expr","locations":[{"start":{"line":22,"column":12},"end":{"line":22,"column":20}},{"start":{"line":22,"column":24},"end":{"line":22,"column":39}}]}},"s":{"0":1,"1":1,"2":1,"3":1,"4":5,"5":5,"6":5,"7":2,"8":1,"9":1,"10":4,"11":1},"f":{"0":5},"b":{"0":[2,3],"1":[4,3],"2":[4,4],"3":[4,4]}}
}
