TN:
SF:src/app.ts
FN:11,init
FNF:1
FNH:1
FNDA:1,init
DA:1,1
DA:2,1
DA:3,1
DA:4,1
DA:5,1
DA:7,1
DA:8,1
DA:9,1
DA:11,1
DA:12,1
DA:15,1
DA:17,1
DA:18,1
DA:19,1
DA:20,1
DA:21,1
DA:23,1
LF:17
LH:17
BRF:0
BRH:0
end_of_record
TN:
SF:src/database.ts
FN:7,connect
FNF:1
FNH:1
FNDA:1,connect
DA:1,1
DA:3,1
DA:4,0
DA:7,1
DA:8,1
DA:9,1
DA:16,1
DA:17,1
LF:8
LH:7
BRDA:3,0,0,0
BRDA:3,0,1,1
BRDA:3,1,0,1
BRDA:3,1,1,0
BRDA:13,2,0,0
BRDA:13,2,1,1
BRF:6
BRH:3
end_of_record
TN:
SF:src/setup.ts
FNF:0
FNH:0
DA:1,1
DA:5,1
DA:6,0
DA:7,1
DA:8,1
DA:10,0
DA:13,1
LF:7
LH:5
BRDA:5,0,0,0
BRDA:5,0,1,1
BRDA:7,1,0,1
BRDA:7,1,1,0
BRF:4
BRH:2
end_of_record
TN:
SF:src/controllers/examController.ts
FN:9,postExam
FN:28,getExamsByProfessorId
FNF:2
FNH:1
FNDA:4,postExam
FNDA:0,getExamsByProfessorId
DA:2,1
DA:3,1
DA:4,1
DA:6,1
DA:7,1
DA:9,1
DA:10,4
DA:11,4
DA:12,4
DA:14,1
DA:16,1
DA:18,1
DA:20,3
DA:22,3
DA:24,0
DA:28,1
DA:33,0
DA:34,0
DA:35,0
DA:36,0
DA:38,0
DA:40,0
DA:41,0
DA:43,0
DA:45,0
DA:47,0
LF:26
LH:15
BRDA:12,0,0,3
BRDA:12,0,1,1
BRDA:20,1,0,3
BRDA:20,1,1,0
BRDA:36,2,0,0
BRDA:36,2,1,0
BRDA:43,3,0,0
BRDA:43,3,1,0
BRF:8
BRH:3
end_of_record
TN:
SF:src/controllers/professorController.ts
FN:5,getExamsGroupedByProfessor
FNF:1
FNH:0
FNDA:0,getExamsGroupedByProfessor
DA:2,1
DA:3,1
DA:5,1
DA:10,0
DA:11,0
DA:12,0
DA:14,0
LF:7
LH:3
BRF:0
BRH:0
end_of_record
TN:
SF:src/entities/Course.ts
FN:12,(anonymous_2)
FN:12,(anonymous_3)
FNF:2
FNH:2
FNDA:1,(anonymous_2)
FNDA:1,(anonymous_3)
DA:1,1
DA:2,1
DA:5,1
DA:7,1
DA:10,1
DA:12,1
DA:13,1
LF:7
LH:7
BRF:0
BRH:0
end_of_record
TN:
SF:src/entities/Exam.ts
FN:20,(anonymous_3)
FN:20,(anonymous_4)
FN:24,(anonymous_5)
FN:24,(anonymous_6)
FNF:4
FNH:4
FNDA:1,(anonymous_3)
FNDA:1,(anonymous_4)
FNDA:1,(anonymous_5)
FNDA:1,(anonymous_6)
DA:1,1
DA:2,1
DA:3,1
DA:4,1
DA:7,1
DA:9,1
DA:12,1
DA:15,1
DA:18,1
DA:20,1
DA:22,1
DA:24,1
DA:26,1
LF:13
LH:13
BRF:0
BRH:0
end_of_record
TN:
SF:src/entities/Professor.ts
FN:13,(anonymous_2)
FN:13,(anonymous_3)
FN:21,(anonymous_4)
FN:21,(anonymous_5)
FNF:4
FNH:4
FNDA:1,(anonymous_2)
FNDA:1,(anonymous_3)
FNDA:1,(anonymous_4)
FNDA:1,(anonymous_5)
DA:1,1
DA:2,1
DA:3,1
DA:6,1
DA:8,1
DA:11,1
DA:13,1
DA:19,1
DA:21,1
DA:22,1
LF:10
LH:10
BRF:0
BRH:0
end_of_record
TN:
SF:src/enum/Category.enum.ts
FN:1,(anonymous_0)
FNF:1
FNH:1
FNDA:1,(anonymous_0)
DA:1,1
DA:2,1
DA:3,1
DA:4,1
DA:5,1
DA:6,1
DA:9,1
LF:7
LH:7
BRDA:1,0,0,1
BRDA:1,0,1,1
BRF:2
BRH:2
end_of_record
TN:
SF:src/enum/HttpStatus.enum.ts
FN:1,(anonymous_0)
FNF:1
FNH:1
FNDA:1,(anonymous_0)
DA:1,1
DA:2,1
DA:3,1
DA:4,1
DA:5,1
DA:6,1
DA:7,1
DA:8,1
DA:11,1
LF:9
LH:9
BRDA:1,0,0,1
BRDA:1,0,1,1
BRF:2
BRH:2
end_of_record
TN:
SF:src/errors/ExamError.ts
FN:6,(anonymous_1)
FNF:1
FNH:1
FNDA:3,(anonymous_1)
DA:1,1
DA:7,3
DA:8,3
DA:9,3
DA:10,3
DA:14,1
LF:6
LH:6
BRDA:10,0,0,3
BRDA:10,0,1,3
BRF:2
BRH:2
end_of_record
TN:
SF:src/middlewares/serverErrorMiddleware.ts
FN:5,serverErrorMiddleware
FNF:1
FNH:0
FNDA:0,serverErrorMiddleware
DA:3,1
DA:5,1
DA:11,0
DA:13,0
LF:4
LH:2
BRF:0
BRH:0
end_of_record
TN:
SF:src/routers/examRouter.ts
FNF:0
FNH:0
DA:1,1
DA:2,1
DA:4,1
DA:6,1
DA:9,1
LF:5
LH:5
BRF:0
BRH:0
end_of_record
TN:
SF:src/routers/professorRouter.ts
FNF:0
FNH:0
DA:1,1
DA:2,1
DA:4,1
DA:6,1
DA:8,1
LF:5
LH:5
BRF:0
BRH:0
end_of_record
TN:
SF:src/services/courseService.ts
FN:5,findById
FN:9,getExamsGroupedByCourse
FNF:2
FNH:1
FNDA:1,findById
FNDA:0,getExamsGroupedByCourse
DA:1,1
DA:2,1
DA:3,1
DA:5,1
DA:6,1
DA:9,1
DA:10,0
DA:11,0
DA:12,0
DA:14,0
LF:10
LH:6
BRDA:11,0,0,0
BRDA:11,0,1,0
BRDA:11,1,0,0
BRDA:11,1,1,0
BRDA:11,2,0,0
BRDA:11,2,1,0
BRF:6
BRH:0
end_of_record
TN:
SF:src/services/examService.ts
FN:9,create
FN:20,(anonymous_16)
FN:33,findAllByProfessorId
FNF:3
FNH:2
FNDA:1,create
FNDA:1,(anonymous_16)
FNDA:0,findAllByProfessorId
DA:1,1
DA:2,1
DA:3,1
DA:4,1
DA:5,1
DA:7,1
DA:9,1
DA:10,1
DA:11,1
DA:13,1
DA:14,1
DA:15,0
DA:17,1
DA:18,1
DA:20,1
DA:21,1
DA:22,0
DA:25,1
DA:27,1
DA:28,1
DA:30,1
DA:33,1
DA:34,0
DA:35,0
DA:37,0
DA:38,0
DA:40,0
DA:41,0
DA:43,0
LF:29
LH:20
BRDA:11,0,0,0
BRDA:11,0,1,1
BRDA:14,1,0,0
BRDA:14,1,1,1
BRDA:18,2,0,0
BRDA:18,2,1,1
BRDA:21,3,0,0
BRDA:21,3,1,1
BRDA:35,4,0,0
BRDA:35,4,1,0
BRDA:40,5,0,0
BRDA:40,5,1,0
BRDA:40,6,0,0
BRDA:40,6,1,0
BRDA:40,7,0,0
BRDA:40,7,1,0
BRF:16
BRH:4
end_of_record
TN:
SF:src/services/professorService.ts
FN:5,findById
FN:9,getExamsGroupedByProfessor
FNF:2
FNH:1
FNDA:1,findById
FNDA:0,getExamsGroupedByProfessor
DA:1,1
DA:2,1
DA:3,1
DA:5,1
DA:6,1
DA:9,1
DA:10,0
DA:11,0
DA:12,0
DA:14,0
LF:10
LH:6
BRDA:11,0,0,0
BRDA:11,0,1,0
BRDA:11,1,0,0
BRDA:11,1,1,0
BRDA:11,2,0,0
BRDA:11,2,1,0
BRF:6
BRH:0
end_of_record
TN:
SF:src/validations/examSchema.ts
FNF:0
FNH:0
DA:1,1
DA:3,1
DA:11,1
LF:3
LH:3
BRF:0
BRH:0
end_of_record
TN:
SF:src/validations/idSchema.ts
FNF:0
FNH:0
DA:1,1
DA:3,1
DA:7,1
LF:3
LH:3
BRF:0
BRH:0
end_of_record
TN:
SF:tests/factories/courseFactory.ts
FN:6,createCourse
FNF:1
FNH:1
FNDA:4,createCourse
DA:1,1
DA:2,1
DA:4,1
DA:6,1
DA:7,4
DA:11,4
DA:13,3
LF:7
LH:7
BRDA:8,0,0,4
BRDA:8,0,1,4
BRF:2
BRH:2
end_of_record
TN:
SF:tests/factories/professorFactory.ts
FN:8,createProfessor
FNF:1
FNH:1
FNDA:2,createProfessor
DA:1,1
DA:2,1
DA:4,1
DA:6,1
DA:8,1
DA:9,2
DA:14,2
DA:16,2
LF:8
LH:8
BRDA:10,0,0,2
BRDA:10,0,1,2
BRDA:11,1,0,2
BRDA:11,1,1,0
BRF:4
BRH:3
end_of_record
TN:
SF:tests/utils/database.ts
FN:7,clearDatabase
FNF:1
FNH:1
FNDA:5,clearDatabase
DA:1,1
DA:3,1
DA:4,1
DA:5,1
DA:7,1
DA:8,5
DA:9,5
DA:10,5
LF:8
LH:8
BRF:0
BRH:0
end_of_record
TN:
SF:tests/utils/generateExamBody.ts
FN:7,generateExamBody
FNF:1
FNH:1
FNDA:5,generateExamBody
DA:1,1
DA:2,1
DA:4,1
DA:5,1
DA:7,1
DA:8,5
DA:9,5
DA:11,5
DA:12,2
DA:14,1
DA:16,1
DA:19,4
LF:12
LH:12
BRDA:11,0,0,2
BRDA:11,0,1,3
BRDA:20,1,0,4
BRDA:20,1,1,3
BRDA:21,2,0,4
BRDA:21,2,1,4
BRDA:22,3,0,4
BRDA:22,3,1,4
BRF:8
BRH:8
end_of_record
